<?xml version="1.0" encoding="UTF-8"?>
<!-- Generated by org.testng.reporters.JUnitReportReporter -->
<testsuite hostname="LAPTOP-7SJNUKDS" failures="0" tests="2" name="neoStoxTestClassesMVN.ValidateNeoStox2UserNameBalanceFileMVN" time="26.949" errors="0" timestamp="2023-02-10T23:34:01 IST" skipped="0">
  <testcase classname="neoStoxTestClassesMVN.ValidateNeoStox2UserNameBalanceFileMVN" name="validateACBalance" time="15.996"/>
  <system-out>
    <![CDATA[Getting AC Balance
Account balance is: Rs.5,00,000.00
Taking ScreenShot
ScreenShot Taken and saved at: D:\20th_evening\Screensht\TCID_005iuK.png]]>
  </system-out>
  <testcase classname="neoStoxTestClassesMVN.ValidateNeoStox2UserNameBalanceFileMVN" name="validateUserName" time="10.953"/>
  <system-out>
    <![CDATA[Getting actual user name
Actual user name is---> Hi Resham M
Reading data from property file
Data is: Hi Resham M
Taking ScreenShot
ScreenShot Taken and saved at: D:\20th_evening\Screensht\TCID_00291R.png]]>
  </system-out>
</testsuite> <!-- neoStoxTestClassesMVN.ValidateNeoStox2UserNameBalanceFileMVN -->
