<?xml version="1.0" encoding="UTF-8"?>
<!-- Generated by org.testng.reporters.JUnitReportReporter -->
<testsuite hostname="LAPTOP-7SJNUKDS" failures="0" tests="1" name="neoStoxTestClassesMVN.demo" time="6.678" errors="0" timestamp="2023-02-06T19:18:04 IST" skipped="0">
  <testcase classname="neoStoxTestClassesMVN.demo" name="loginTest" time="6.678"/>
  <system-out/>
</testsuite> <!-- neoStoxTestClassesMVN.demo -->
