<?xml version="1.0" encoding="UTF-8"?>
<!-- Generated by org.testng.reporters.JUnitReportReporter -->
<testsuite hostname="LAPTOP-7SJNUKDS" failures="0" tests="1" name="neoStoxTestClassesMVN.demo" time="5.814" errors="0" timestamp="2023-01-27T12:43:57 IST" skipped="0">
  <testcase classname="neoStoxTestClassesMVN.demo" name="loginTest" time="5.814"/>
  <system-out/>
</testsuite> <!-- neoStoxTestClassesMVN.demo -->
