<?xml version="1.0" encoding="UTF-8"?>
<!-- Generated by org.testng.reporters.JUnitReportReporter -->
<testsuite hostname="LAPTOP-7SJNUKDS" failures="0" tests="1" name="neoStoxTestClassesMVN.demo" time="8.601" errors="0" timestamp="2023-02-06T22:42:18 IST" skipped="0">
  <testcase classname="neoStoxTestClassesMVN.demo" name="loginTest" time="8.601"/>
  <system-out/>
</testsuite> <!-- neoStoxTestClassesMVN.demo -->
