<?xml version="1.0" encoding="UTF-8"?>
<!-- Generated by org.testng.reporters.JUnitReportReporter -->
<testsuite hostname="LAPTOP-7SJNUKDS" failures="0" tests="1" name="neoStoxTestClassesMVN.ValidateNeoStox1UserNameExcelMVN" time="17.607" errors="0" timestamp="2023-02-10T23:49:00 IST" skipped="0">
  <testcase classname="neoStoxTestClassesMVN.ValidateNeoStox1UserNameExcelMVN" name="validateUserName" time="17.607"/>
  <system-out>
    <![CDATA[Getting actual user name
Actual user name is---> Hi Resham M
Read data from excel is: row: 0, cell is: 2
Data is: Hi Resham M
Taking ScreenShot
ScreenShot Taken and saved at: D:\20th_evening\Screensht\TCID_002LXm.png]]>
  </system-out>
</testsuite> <!-- neoStoxTestClassesMVN.ValidateNeoStox1UserNameExcelMVN -->
