<?xml version="1.0" encoding="UTF-8"?>
<!-- Generated by org.testng.reporters.JUnitReportReporter -->
<testsuite hostname="LAPTOP-7SJNUKDS" failures="0" tests="1" name="neoStoxTestClassesMVN.demo" time="13.268" errors="0" timestamp="2023-02-10T23:38:07 IST" skipped="0">
  <testcase classname="neoStoxTestClassesMVN.demo" name="loginTest" time="13.268"/>
  <system-out/>
</testsuite> <!-- neoStoxTestClassesMVN.demo -->
